<?xml version="1.0" encoding="UTF-8"?>
<!-- Generated by org.testng.reporters.JUnitXMLReporter -->
<testsuite ignored="0" hostname="LAPTOP-U8O9C2H6" failures="0" tests="3" name="ProjectNeting Test" time="39.453" errors="0" timestamp="2023-03-23T10:55:31 GMT">
  <testcase classname="com.TestCases.SearchTest" name="verifySearchWithValidProduct" time="0.664"/>
  <testcase classname="com.TestCases.SearchTest" name="verifySearchWithInvalidProduct" time="5.175"/>
  <testcase classname="com.TestCases.SearchTest" name="verifySearchwithAnyProduct" time="2.014"/>
</testsuite> <!-- ProjectNeting Test -->
