<?xml version="1.0" encoding="UTF-8"?>
<testng-results ignored="0" total="3" passed="3" failed="0" skipped="0">
  <reporter-output>
  </reporter-output>
  <suite started-at="2023-03-23T10:54:50 GMT" name="ProjectNetbanking" finished-at="2023-03-23T10:55:29 GMT" duration-ms="39453">
    <groups>
    </groups>
    <test started-at="2023-03-23T10:54:50 GMT" name="ProjectNeting Test" finished-at="2023-03-23T10:55:29 GMT" duration-ms="39453">
      <class name="com.TestCases.SearchTest">
        <test-method is-config="true" signature="Setup()[pri:0, instance:com.TestCases.SearchTest@1ed4ae0f]" started-at="2023-03-23T10:54:50 GMT" name="Setup" finished-at="2023-03-23T10:54:56 GMT" duration-ms="6480" status="PASS">
          <reporter-output>
          </reporter-output>
        </test-method> <!-- Setup -->
        <test-method signature="verifySearchWithValidProduct()[pri:1, instance:com.TestCases.SearchTest@1ed4ae0f]" started-at="2023-03-23T10:54:56 GMT" name="verifySearchWithValidProduct" finished-at="2023-03-23T10:54:57 GMT" duration-ms="664" status="PASS">
          <reporter-output>
          </reporter-output>
        </test-method> <!-- verifySearchWithValidProduct -->
        <test-method is-config="true" signature="tearDown()[pri:0, instance:com.TestCases.SearchTest@1ed4ae0f]" started-at="2023-03-23T10:54:57 GMT" name="tearDown" finished-at="2023-03-23T10:54:57 GMT" duration-ms="303" status="PASS">
          <reporter-output>
          </reporter-output>
        </test-method> <!-- tearDown -->
        <test-method is-config="true" signature="Setup()[pri:0, instance:com.TestCases.SearchTest@1ed4ae0f]" started-at="2023-03-23T10:54:57 GMT" name="Setup" finished-at="2023-03-23T10:55:06 GMT" duration-ms="8972" status="PASS">
          <reporter-output>
          </reporter-output>
        </test-method> <!-- Setup -->
        <test-method signature="verifySearchWithInvalidProduct()[pri:2, instance:com.TestCases.SearchTest@1ed4ae0f]" started-at="2023-03-23T10:55:06 GMT" name="verifySearchWithInvalidProduct" finished-at="2023-03-23T10:55:11 GMT" duration-ms="5175" status="PASS">
          <reporter-output>
          </reporter-output>
        </test-method> <!-- verifySearchWithInvalidProduct -->
        <test-method is-config="true" signature="tearDown()[pri:0, instance:com.TestCases.SearchTest@1ed4ae0f]" started-at="2023-03-23T10:55:11 GMT" name="tearDown" finished-at="2023-03-23T10:55:13 GMT" duration-ms="1255" status="PASS">
          <reporter-output>
          </reporter-output>
        </test-method> <!-- tearDown -->
        <test-method is-config="true" signature="Setup()[pri:0, instance:com.TestCases.SearchTest@1ed4ae0f]" started-at="2023-03-23T10:55:13 GMT" name="Setup" finished-at="2023-03-23T10:55:27 GMT" duration-ms="13968" status="PASS">
          <reporter-output>
          </reporter-output>
        </test-method> <!-- Setup -->
        <test-method signature="verifySearchwithAnyProduct()[pri:3, instance:com.TestCases.SearchTest@1ed4ae0f]" started-at="2023-03-23T10:55:27 GMT" name="verifySearchwithAnyProduct" finished-at="2023-03-23T10:55:29 GMT" depends-on-methods="com.TestCases.SearchTest.verifySearchWithInvalidProduct" duration-ms="2014" status="PASS">
          <reporter-output>
          </reporter-output>
        </test-method> <!-- verifySearchwithAnyProduct -->
        <test-method is-config="true" signature="tearDown()[pri:0, instance:com.TestCases.SearchTest@1ed4ae0f]" started-at="2023-03-23T10:55:29 GMT" name="tearDown" finished-at="2023-03-23T10:55:29 GMT" duration-ms="324" status="PASS">
          <reporter-output>
          </reporter-output>
        </test-method> <!-- tearDown -->
      </class> <!-- com.TestCases.SearchTest -->
    </test> <!-- ProjectNeting Test -->
  </suite> <!-- ProjectNetbanking -->
</testng-results>
